{"C:\\Users\\91982\\Desktop\\React\\src\\components\\Body.js": {"path":"C:\\Users\\91982\\Desktop\\React\\src\\components\\Body.js","statementMap":{"0":{"start":{"line":8,"column":13},"end":{"line":159,"column":3}},"1":{"start":{"line":9,"column":37},"end":{"line":9,"column":49}},"2":{"start":{"line":10,"column":39},"end":{"line":10,"column":51}},"3":{"start":{"line":11,"column":55},"end":{"line":11,"column":67}},"4":{"start":{"line":12,"column":30},"end":{"line":12,"column":42}},"5":{"start":{"line":14,"column":33},"end":{"line":14,"column":66}},"6":{"start":{"line":33,"column":2},"end":{"line":37,"column":5}},"7":{"start":{"line":34,"column":4},"end":{"line":34,"column":16}},"8":{"start":{"line":38,"column":18},"end":{"line":59,"column":5}},"9":{"start":{"line":39,"column":17},"end":{"line":41,"column":143}},"10":{"start":{"line":49,"column":17},"end":{"line":49,"column":34}},"11":{"start":{"line":50,"column":4},"end":{"line":50,"column":22}},"12":{"start":{"line":52,"column":4},"end":{"line":53,"column":82}},"13":{"start":{"line":56,"column":6},"end":{"line":56,"column":103}},"14":{"start":{"line":58,"column":6},"end":{"line":58,"column":93}},"15":{"start":{"line":61,"column":23},"end":{"line":61,"column":38}},"16":{"start":{"line":62,"column":37},"end":{"line":62,"column":60}},"17":{"start":{"line":65,"column":2},"end":{"line":68,"column":3}},"18":{"start":{"line":67,"column":3},"end":{"line":67,"column":70}},"19":{"start":{"line":70,"column":4},"end":{"line":73,"column":5}},"20":{"start":{"line":72,"column":6},"end":{"line":72,"column":24}},"21":{"start":{"line":75,"column":2},"end":{"line":158,"column":5}},"22":{"start":{"line":79,"column":27},"end":{"line":82,"column":10}},"23":{"start":{"line":81,"column":8},"end":{"line":81,"column":41}},"24":{"start":{"line":83,"column":8},"end":{"line":83,"column":39}},"25":{"start":{"line":84,"column":8},"end":{"line":84,"column":30}},"26":{"start":{"line":100,"column":12},"end":{"line":100,"column":41}},"27":{"start":{"line":106,"column":29},"end":{"line":109,"column":13}},"28":{"start":{"line":108,"column":11},"end":{"line":108,"column":80}},"29":{"start":{"line":110,"column":9},"end":{"line":110,"column":42}},"30":{"start":{"line":122,"column":25},"end":{"line":122,"column":52}},"31":{"start":{"line":130,"column":12},"end":{"line":141,"column":22}},"32":{"start":{"line":150,"column":5},"end":{"line":153,"column":12}}},"fnMap":{"0":{"name":"(anonymous_0)","decl":{"start":{"line":8,"column":13},"end":{"line":8,"column":14}},"loc":{"start":{"line":8,"column":18},"end":{"line":159,"column":3}},"line":8},"1":{"name":"(anonymous_1)","decl":{"start":{"line":33,"column":12},"end":{"line":33,"column":13}},"loc":{"start":{"line":33,"column":18},"end":{"line":37,"column":3}},"line":33},"2":{"name":"(anonymous_2)","decl":{"start":{"line":38,"column":18},"end":{"line":38,"column":19}},"loc":{"start":{"line":38,"column":30},"end":{"line":59,"column":5}},"line":38},"3":{"name":"(anonymous_3)","decl":{"start":{"line":78,"column":17},"end":{"line":78,"column":18}},"loc":{"start":{"line":78,"column":21},"end":{"line":86,"column":7}},"line":78},"4":{"name":"(anonymous_4)","decl":{"start":{"line":80,"column":36},"end":{"line":80,"column":37}},"loc":{"start":{"line":80,"column":43},"end":{"line":82,"column":9}},"line":80},"5":{"name":"(anonymous_5)","decl":{"start":{"line":99,"column":22},"end":{"line":99,"column":23}},"loc":{"start":{"line":99,"column":27},"end":{"line":101,"column":13}},"line":99},"6":{"name":"(anonymous_6)","decl":{"start":{"line":105,"column":21},"end":{"line":105,"column":22}},"loc":{"start":{"line":105,"column":25},"end":{"line":111,"column":13}},"line":105},"7":{"name":"(anonymous_7)","decl":{"start":{"line":107,"column":37},"end":{"line":107,"column":38}},"loc":{"start":{"line":108,"column":11},"end":{"line":108,"column":80}},"line":108},"8":{"name":"(anonymous_8)","decl":{"start":{"line":122,"column":19},"end":{"line":122,"column":20}},"loc":{"start":{"line":122,"column":25},"end":{"line":122,"column":52}},"line":122},"9":{"name":"(anonymous_9)","decl":{"start":{"line":129,"column":31},"end":{"line":129,"column":32}},"loc":{"start":{"line":130,"column":12},"end":{"line":141,"column":22}},"line":130},"10":{"name":"(anonymous_10)","decl":{"start":{"line":147,"column":20},"end":{"line":147,"column":21}},"loc":{"start":{"line":150,"column":5},"end":{"line":153,"column":12}},"line":150}},"branchMap":{"0":{"loc":{"start":{"line":65,"column":2},"end":{"line":68,"column":3}},"type":"if","locations":[{"start":{"line":65,"column":2},"end":{"line":68,"column":3}},{"start":{},"end":{}}],"line":65},"1":{"loc":{"start":{"line":70,"column":4},"end":{"line":73,"column":5}},"type":"if","locations":[{"start":{"line":70,"column":4},"end":{"line":73,"column":5}},{"start":{},"end":{}}],"line":70},"2":{"loc":{"start":{"line":70,"column":7},"end":{"line":70,"column":42}},"type":"binary-expr","locations":[{"start":{"line":70,"column":7},"end":{"line":70,"column":16}},{"start":{"line":70,"column":20},"end":{"line":70,"column":42}}],"line":70},"3":{"loc":{"start":{"line":79,"column":27},"end":{"line":82,"column":10}},"type":"binary-expr","locations":[{"start":{"line":79,"column":27},"end":{"line":79,"column":45}},{"start":{"line":80,"column":10},"end":{"line":82,"column":10}}],"line":79},"4":{"loc":{"start":{"line":106,"column":29},"end":{"line":109,"column":13}},"type":"binary-expr","locations":[{"start":{"line":106,"column":29},"end":{"line":106,"column":47}},{"start":{"line":107,"column":10},"end":{"line":109,"column":13}}],"line":106},"5":{"loc":{"start":{"line":128,"column":11},"end":{"line":142,"column":11}},"type":"binary-expr","locations":[{"start":{"line":128,"column":11},"end":{"line":128,"column":29}},{"start":{"line":129,"column":8},"end":{"line":142,"column":11}}],"line":128},"6":{"loc":{"start":{"line":135,"column":2},"end":{"line":137,"column":3}},"type":"cond-expr","locations":[{"start":{"line":135,"column":28},"end":{"line":135,"column":78}},{"start":{"line":136,"column":5},"end":{"line":136,"column":45}}],"line":135},"7":{"loc":{"start":{"line":147,"column":4},"end":{"line":154,"column":6}},"type":"binary-expr","locations":[{"start":{"line":147,"column":4},"end":{"line":147,"column":7}},{"start":{"line":147,"column":12},"end":{"line":154,"column":6}}],"line":147}},"s":{"0":1,"1":3,"2":3,"3":3,"4":3,"5":3,"6":3,"7":2,"8":3,"9":2,"10":2,"11":2,"12":2,"13":2,"14":2,"15":3,"16":3,"17":3,"18":0,"19":3,"20":1,"21":2,"22":0,"23":0,"24":0,"25":0,"26":0,"27":0,"28":0,"29":0,"30":0,"31":0,"32":0},"f":{"0":3,"1":2,"2":2,"3":0,"4":0,"5":0,"6":0,"7":0,"8":0,"9":0,"10":0},"b":{"0":[0,3],"1":[1,2],"2":[3,1],"3":[0,0],"4":[0,0],"5":[2,0],"6":[0,0],"7":[2,0]},"_coverageSchema":"1a1c01bbd47fc00a2c39e90264f33305004495a9","hash":"caeca438a4e8896fb87922a32fff11a8f7cb9aa7"}
,"C:\\Users\\91982\\Desktop\\React\\src\\components\\Contact.js": {"path":"C:\\Users\\91982\\Desktop\\React\\src\\components\\Contact.js","statementMap":{"0":{"start":{"line":1,"column":16},"end":{"line":17,"column":1}},"1":{"start":{"line":3,"column":4},"end":{"line":16,"column":5}}},"fnMap":{"0":{"name":"(anonymous_0)","decl":{"start":{"line":1,"column":16},"end":{"line":1,"column":17}},"loc":{"start":{"line":1,"column":21},"end":{"line":17,"column":1}},"line":1}},"branchMap":{},"s":{"0":1,"1":3},"f":{"0":3},"b":{},"_coverageSchema":"1a1c01bbd47fc00a2c39e90264f33305004495a9","hash":"4be2dcda9c774c90105d4650ef3d0ab7835a7968"}
,"C:\\Users\\91982\\Desktop\\React\\src\\components\\Header.js": {"path":"C:\\Users\\91982\\Desktop\\React\\src\\components\\Header.js","statementMap":{"0":{"start":{"line":8,"column":15},"end":{"line":65,"column":1}},"1":{"start":{"line":10,"column":23},"end":{"line":10,"column":46}},"2":{"start":{"line":11,"column":22},"end":{"line":11,"column":45}},"3":{"start":{"line":13,"column":23},"end":{"line":13,"column":34}},"4":{"start":{"line":14,"column":2},"end":{"line":14,"column":24}},"5":{"start":{"line":15,"column":34},"end":{"line":15,"column":51}},"6":{"start":{"line":16,"column":30},"end":{"line":16,"column":56}},"7":{"start":{"line":18,"column":20},"end":{"line":18,"column":60}},"8":{"start":{"line":18,"column":41},"end":{"line":18,"column":59}},"9":{"start":{"line":19,"column":2},"end":{"line":19,"column":25}},"10":{"start":{"line":21,"column":2},"end":{"line":23,"column":16}},"11":{"start":{"line":22,"column":4},"end":{"line":22,"column":36}},"12":{"start":{"line":24,"column":2},"end":{"line":64,"column":3}},"13":{"start":{"line":50,"column":12},"end":{"line":50,"column":102}}},"fnMap":{"0":{"name":"(anonymous_0)","decl":{"start":{"line":8,"column":15},"end":{"line":8,"column":16}},"loc":{"start":{"line":8,"column":21},"end":{"line":65,"column":1}},"line":8},"1":{"name":"(anonymous_1)","decl":{"start":{"line":18,"column":32},"end":{"line":18,"column":33}},"loc":{"start":{"line":18,"column":41},"end":{"line":18,"column":59}},"line":18},"2":{"name":"(anonymous_2)","decl":{"start":{"line":21,"column":12},"end":{"line":21,"column":13}},"loc":{"start":{"line":21,"column":18},"end":{"line":23,"column":3}},"line":21},"3":{"name":"(anonymous_3)","decl":{"start":{"line":49,"column":19},"end":{"line":49,"column":20}},"loc":{"start":{"line":49,"column":25},"end":{"line":52,"column":11}},"line":49}},"branchMap":{"0":{"loc":{"start":{"line":33,"column":47},"end":{"line":33,"column":73}},"type":"cond-expr","locations":[{"start":{"line":33,"column":62},"end":{"line":33,"column":66}},{"start":{"line":33,"column":69},"end":{"line":33,"column":73}}],"line":33},"1":{"loc":{"start":{"line":50,"column":12},"end":{"line":50,"column":102}},"type":"cond-expr","locations":[{"start":{"line":50,"column":35},"end":{"line":50,"column":79}},{"start":{"line":50,"column":82},"end":{"line":50,"column":102}}],"line":50}},"s":{"0":1,"1":3,"2":3,"3":3,"4":3,"5":3,"6":3,"7":3,"8":5,"9":3,"10":3,"11":3,"12":3,"13":1},"f":{"0":3,"1":5,"2":3,"3":1},"b":{"0":[3,0],"1":[1,0]},"_coverageSchema":"1a1c01bbd47fc00a2c39e90264f33305004495a9","hash":"a4c3e9de323521e851903946ae43984188beba0c"}
,"C:\\Users\\91982\\Desktop\\React\\src\\components\\ItemList.js": {"path":"C:\\Users\\91982\\Desktop\\React\\src\\components\\ItemList.js","statementMap":{"0":{"start":{"line":4,"column":16},"end":{"line":37,"column":1}},"1":{"start":{"line":5,"column":1},"end":{"line":5,"column":20}},"2":{"start":{"line":6,"column":19},"end":{"line":6,"column":32}},"3":{"start":{"line":7,"column":20},"end":{"line":9,"column":2}},"4":{"start":{"line":8,"column":1},"end":{"line":8,"column":25}},"5":{"start":{"line":10,"column":0},"end":{"line":36,"column":1}},"6":{"start":{"line":14,"column":4},"end":{"line":33,"column":15}},"7":{"start":{"line":23,"column":26},"end":{"line":23,"column":42}}},"fnMap":{"0":{"name":"(anonymous_0)","decl":{"start":{"line":4,"column":16},"end":{"line":4,"column":17}},"loc":{"start":{"line":4,"column":28},"end":{"line":37,"column":1}},"line":4},"1":{"name":"(anonymous_1)","decl":{"start":{"line":7,"column":20},"end":{"line":7,"column":21}},"loc":{"start":{"line":7,"column":29},"end":{"line":9,"column":2}},"line":7},"2":{"name":"(anonymous_2)","decl":{"start":{"line":13,"column":10},"end":{"line":13,"column":11}},"loc":{"start":{"line":14,"column":4},"end":{"line":33,"column":15}},"line":14},"3":{"name":"(anonymous_3)","decl":{"start":{"line":23,"column":22},"end":{"line":23,"column":23}},"loc":{"start":{"line":23,"column":26},"end":{"line":23,"column":42}},"line":23}},"branchMap":{"0":{"loc":{"start":{"line":12,"column":1},"end":{"line":34,"column":2}},"type":"binary-expr","locations":[{"start":{"line":12,"column":1},"end":{"line":12,"column":6}},{"start":{"line":13,"column":0},"end":{"line":34,"column":2}}],"line":12},"1":{"loc":{"start":{"line":18,"column":45},"end":{"line":18,"column":104}},"type":"binary-expr","locations":[{"start":{"line":18,"column":45},"end":{"line":18,"column":69}},{"start":{"line":18,"column":73},"end":{"line":18,"column":104}}],"line":18}},"s":{"0":1,"1":0,"2":0,"3":0,"4":0,"5":0,"6":0,"7":0},"f":{"0":0,"1":0,"2":0,"3":0},"b":{"0":[0,0],"1":[0,0]},"_coverageSchema":"1a1c01bbd47fc00a2c39e90264f33305004495a9","hash":"bef991a54b242907c1abfca1e1fd3f98cd84ad45"}
,"C:\\Users\\91982\\Desktop\\React\\src\\components\\Restaurandcard.js": {"path":"C:\\Users\\91982\\Desktop\\React\\src\\components\\Restaurandcard.js","statementMap":{"0":{"start":{"line":5,"column":23},"end":{"line":26,"column":3}},"1":{"start":{"line":6,"column":22},"end":{"line":6,"column":27}},"2":{"start":{"line":8,"column":25},"end":{"line":8,"column":48}},"3":{"start":{"line":9,"column":4},"end":{"line":25,"column":5}},"4":{"start":{"line":28,"column":33},"end":{"line":38,"column":1}},"5":{"start":{"line":29,"column":0},"end":{"line":37,"column":1}},"6":{"start":{"line":30,"column":2},"end":{"line":36,"column":3}}},"fnMap":{"0":{"name":"(anonymous_0)","decl":{"start":{"line":5,"column":23},"end":{"line":5,"column":24}},"loc":{"start":{"line":5,"column":32},"end":{"line":26,"column":3}},"line":5},"1":{"name":"(anonymous_1)","decl":{"start":{"line":28,"column":33},"end":{"line":28,"column":34}},"loc":{"start":{"line":28,"column":52},"end":{"line":38,"column":1}},"line":28},"2":{"name":"(anonymous_2)","decl":{"start":{"line":29,"column":7},"end":{"line":29,"column":8}},"loc":{"start":{"line":29,"column":17},"end":{"line":37,"column":1}},"line":29}},"branchMap":{},"s":{"0":2,"1":1,"2":1,"3":1,"4":2,"5":3,"6":0},"f":{"0":1,"1":3,"2":0},"b":{},"_coverageSchema":"1a1c01bbd47fc00a2c39e90264f33305004495a9","hash":"ac42799202e97d68556901420886c772588a6102"}
,"C:\\Users\\91982\\Desktop\\React\\src\\components\\TopRated.js": {"path":"C:\\Users\\91982\\Desktop\\React\\src\\components\\TopRated.js","statementMap":{"0":{"start":{"line":4,"column":17},"end":{"line":29,"column":1}},"1":{"start":{"line":5,"column":19},"end":{"line":5,"column":25}},"2":{"start":{"line":9,"column":2},"end":{"line":28,"column":3}}},"fnMap":{"0":{"name":"(anonymous_0)","decl":{"start":{"line":4,"column":17},"end":{"line":4,"column":18}},"loc":{"start":{"line":4,"column":29},"end":{"line":29,"column":1}},"line":4}},"branchMap":{"0":{"loc":{"start":{"line":21,"column":58},"end":{"line":21,"column":142}},"type":"binary-expr","locations":[{"start":{"line":21,"column":58},"end":{"line":21,"column":109}},{"start":{"line":21,"column":112},"end":{"line":21,"column":142}}],"line":21}},"s":{"0":1,"1":0,"2":0},"f":{"0":0},"b":{"0":[0,0]},"_coverageSchema":"1a1c01bbd47fc00a2c39e90264f33305004495a9","hash":"2c29b66b6b6bc11fa6c4cf621a49e5e769f84c8a"}
,"C:\\Users\\91982\\Desktop\\React\\src\\components\\shimmer.js": {"path":"C:\\Users\\91982\\Desktop\\React\\src\\components\\shimmer.js","statementMap":{"0":{"start":{"line":1,"column":16},"end":{"line":31,"column":1}},"1":{"start":{"line":2,"column":4},"end":{"line":30,"column":5}}},"fnMap":{"0":{"name":"(anonymous_0)","decl":{"start":{"line":1,"column":16},"end":{"line":1,"column":17}},"loc":{"start":{"line":1,"column":20},"end":{"line":31,"column":1}},"line":1}},"branchMap":{},"s":{"0":1,"1":1},"f":{"0":1},"b":{},"_coverageSchema":"1a1c01bbd47fc00a2c39e90264f33305004495a9","hash":"59a60d4c41d5179871c783156f5af37000dd2716"}
,"C:\\Users\\91982\\Desktop\\React\\src\\components\\sum.js": {"path":"C:\\Users\\91982\\Desktop\\React\\src\\components\\sum.js","statementMap":{"0":{"start":{"line":1,"column":20},"end":{"line":3,"column":1}},"1":{"start":{"line":2,"column":5},"end":{"line":2,"column":17}}},"fnMap":{"0":{"name":"(anonymous_0)","decl":{"start":{"line":1,"column":20},"end":{"line":1,"column":21}},"loc":{"start":{"line":1,"column":30},"end":{"line":3,"column":1}},"line":1}},"branchMap":{},"s":{"0":1,"1":1},"f":{"0":1},"b":{},"_coverageSchema":"1a1c01bbd47fc00a2c39e90264f33305004495a9","hash":"04415e039028c1629b9b101f521e7b079f745647"}
,"C:\\Users\\91982\\Desktop\\React\\src\\components\\useOfffOn.js": {"path":"C:\\Users\\91982\\Desktop\\React\\src\\components\\useOfffOn.js","statementMap":{"0":{"start":{"line":3,"column":18},"end":{"line":15,"column":1}},"1":{"start":{"line":4,"column":37},"end":{"line":4,"column":51}},"2":{"start":{"line":5,"column":0},"end":{"line":12,"column":5}},"3":{"start":{"line":6,"column":4},"end":{"line":8,"column":6}},"4":{"start":{"line":7,"column":5},"end":{"line":7,"column":23}},"5":{"start":{"line":9,"column":4},"end":{"line":11,"column":6}},"6":{"start":{"line":10,"column":4},"end":{"line":10,"column":21}},"7":{"start":{"line":13,"column":0},"end":{"line":13,"column":15}}},"fnMap":{"0":{"name":"(anonymous_0)","decl":{"start":{"line":3,"column":18},"end":{"line":3,"column":19}},"loc":{"start":{"line":3,"column":24},"end":{"line":15,"column":1}},"line":3},"1":{"name":"(anonymous_1)","decl":{"start":{"line":5,"column":10},"end":{"line":5,"column":11}},"loc":{"start":{"line":5,"column":14},"end":{"line":12,"column":1}},"line":5},"2":{"name":"(anonymous_2)","decl":{"start":{"line":6,"column":38},"end":{"line":6,"column":39}},"loc":{"start":{"line":6,"column":42},"end":{"line":8,"column":5}},"line":6},"3":{"name":"(anonymous_3)","decl":{"start":{"line":9,"column":38},"end":{"line":9,"column":39}},"loc":{"start":{"line":9,"column":42},"end":{"line":11,"column":5}},"line":9}},"branchMap":{},"s":{"0":2,"1":6,"2":6,"3":3,"4":0,"5":3,"6":0,"7":6},"f":{"0":6,"1":3,"2":0,"3":0},"b":{},"_coverageSchema":"1a1c01bbd47fc00a2c39e90264f33305004495a9","hash":"7bca05fa9ca6c9fdab732ddc34088a21d937c1cd"}
,"C:\\Users\\91982\\Desktop\\React\\utils\\addStore.js": {"path":"C:\\Users\\91982\\Desktop\\React\\utils\\addStore.js","statementMap":{"0":{"start":{"line":3,"column":17},"end":{"line":7,"column":2}}},"fnMap":{},"branchMap":{},"s":{"0":1},"f":{},"b":{},"_coverageSchema":"1a1c01bbd47fc00a2c39e90264f33305004495a9","hash":"db8c89d5ab0950111984d778942493ed029a545e"}
,"C:\\Users\\91982\\Desktop\\React\\utils\\cartSlice.js": {"path":"C:\\Users\\91982\\Desktop\\React\\utils\\cartSlice.js","statementMap":{"0":{"start":{"line":3,"column":18},"end":{"line":22,"column":2}},"1":{"start":{"line":11,"column":8},"end":{"line":11,"column":40}},"2":{"start":{"line":14,"column":12},"end":{"line":14,"column":104}},"3":{"start":{"line":14,"column":65},"end":{"line":14,"column":103}},"4":{"start":{"line":19,"column":12},"end":{"line":19,"column":34}},"5":{"start":{"line":24,"column":50},"end":{"line":24,"column":67}}},"fnMap":{"0":{"name":"(anonymous_0)","decl":{"start":{"line":10,"column":17},"end":{"line":10,"column":18}},"loc":{"start":{"line":10,"column":34},"end":{"line":12,"column":9}},"line":10},"1":{"name":"(anonymous_1)","decl":{"start":{"line":13,"column":19},"end":{"line":13,"column":20}},"loc":{"start":{"line":13,"column":36},"end":{"line":17,"column":9}},"line":13},"2":{"name":"(anonymous_2)","decl":{"start":{"line":14,"column":47},"end":{"line":14,"column":48}},"loc":{"start":{"line":14,"column":65},"end":{"line":14,"column":103}},"line":14},"3":{"name":"(anonymous_3)","decl":{"start":{"line":18,"column":18},"end":{"line":18,"column":19}},"loc":{"start":{"line":18,"column":35},"end":{"line":20,"column":9}},"line":18}},"branchMap":{},"s":{"0":2,"1":0,"2":0,"3":0,"4":0,"5":2},"f":{"0":0,"1":0,"2":0,"3":0},"b":{},"_coverageSchema":"1a1c01bbd47fc00a2c39e90264f33305004495a9","hash":"77f057457139e316bcffab6593f9f23417d002bb"}
,"C:\\Users\\91982\\Desktop\\React\\utils\\constant.js": {"path":"C:\\Users\\91982\\Desktop\\React\\utils\\constant.js","statementMap":{"0":{"start":{"line":1,"column":23},"end":{"line":1,"column":118}},"1":{"start":{"line":3,"column":24},"end":{"line":3,"column":107}},"2":{"start":{"line":5,"column":27},"end":{"line":5,"column":110}},"3":{"start":{"line":7,"column":23},"end":{"line":7,"column":146}},"4":{"start":{"line":9,"column":26},"end":{"line":9,"column":121}},"5":{"start":{"line":11,"column":23},"end":{"line":11,"column":146}},"6":{"start":{"line":13,"column":24},"end":{"line":13,"column":5992}}},"fnMap":{},"branchMap":{},"s":{"0":4,"1":4,"2":4,"3":4,"4":4,"5":4,"6":4},"f":{},"b":{},"_coverageSchema":"1a1c01bbd47fc00a2c39e90264f33305004495a9","hash":"461515f5b9f9d35814704b87fcfcc3d4c4450213"}
,"C:\\Users\\91982\\Desktop\\React\\utils\\userContext.js": {"path":"C:\\Users\\91982\\Desktop\\React\\utils\\userContext.js","statementMap":{"0":{"start":{"line":3,"column":20},"end":{"line":6,"column":2}}},"fnMap":{},"branchMap":{},"s":{"0":3},"f":{},"b":{},"_coverageSchema":"1a1c01bbd47fc00a2c39e90264f33305004495a9","hash":"fede0d3062df1f20643327a1e8e8eb4fdaa348f2"}
}
