TN:
SF:src\components\Body.js
FN:8,(anonymous_0)
FN:33,(anonymous_1)
FN:38,(anonymous_2)
FN:78,(anonymous_3)
FN:80,(anonymous_4)
FN:99,(anonymous_5)
FN:105,(anonymous_6)
FN:107,(anonymous_7)
FN:122,(anonymous_8)
FN:129,(anonymous_9)
FN:147,(anonymous_10)
FNF:11
FNH:3
FNDA:3,(anonymous_0)
FNDA:2,(anonymous_1)
FNDA:2,(anonymous_2)
FNDA:0,(anonymous_3)
FNDA:0,(anonymous_4)
FNDA:0,(anonymous_5)
FNDA:0,(anonymous_6)
FNDA:0,(anonymous_7)
FNDA:0,(anonymous_8)
FNDA:0,(anonymous_9)
FNDA:0,(anonymous_10)
DA:8,1
DA:9,3
DA:10,3
DA:11,3
DA:12,3
DA:14,3
DA:33,3
DA:34,2
DA:38,3
DA:39,2
DA:49,2
DA:50,2
DA:52,2
DA:56,2
DA:58,2
DA:61,3
DA:62,3
DA:65,3
DA:67,0
DA:70,3
DA:72,1
DA:75,2
DA:79,0
DA:81,0
DA:83,0
DA:84,0
DA:100,0
DA:106,0
DA:108,0
DA:110,0
DA:122,0
DA:130,0
DA:150,0
LF:33
LH:21
BRDA:65,0,0,0
BRDA:65,0,1,3
BRDA:70,1,0,1
BRDA:70,1,1,2
BRDA:70,2,0,3
BRDA:70,2,1,1
BRDA:79,3,0,0
BRDA:79,3,1,0
BRDA:106,4,0,0
BRDA:106,4,1,0
BRDA:128,5,0,2
BRDA:128,5,1,0
BRDA:135,6,0,0
BRDA:135,6,1,0
BRDA:147,7,0,2
BRDA:147,7,1,0
BRF:16
BRH:7
end_of_record
TN:
SF:src\components\Contact.js
FN:1,(anonymous_0)
FNF:1
FNH:1
FNDA:3,(anonymous_0)
DA:1,1
DA:3,3
LF:2
LH:2
BRF:0
BRH:0
end_of_record
TN:
SF:src\components\Header.js
FN:8,(anonymous_0)
FN:18,(anonymous_1)
FN:21,(anonymous_2)
FN:49,(anonymous_3)
FNF:4
FNH:4
FNDA:3,(anonymous_0)
FNDA:5,(anonymous_1)
FNDA:3,(anonymous_2)
FNDA:1,(anonymous_3)
DA:8,1
DA:10,3
DA:11,3
DA:13,3
DA:14,3
DA:15,3
DA:16,3
DA:18,5
DA:19,3
DA:21,3
DA:22,3
DA:24,3
DA:50,1
LF:13
LH:13
BRDA:33,0,0,3
BRDA:33,0,1,0
BRDA:50,1,0,1
BRDA:50,1,1,0
BRF:4
BRH:2
end_of_record
TN:
SF:src\components\ItemList.js
FN:4,(anonymous_0)
FN:7,(anonymous_1)
FN:13,(anonymous_2)
FN:23,(anonymous_3)
FNF:4
FNH:0
FNDA:0,(anonymous_0)
FNDA:0,(anonymous_1)
FNDA:0,(anonymous_2)
FNDA:0,(anonymous_3)
DA:4,1
DA:5,0
DA:6,0
DA:7,0
DA:8,0
DA:10,0
DA:14,0
DA:23,0
LF:8
LH:1
BRDA:12,0,0,0
BRDA:12,0,1,0
BRDA:18,1,0,0
BRDA:18,1,1,0
BRF:4
BRH:0
end_of_record
TN:
SF:src\components\Restaurandcard.js
FN:5,(anonymous_0)
FN:28,(anonymous_1)
FN:29,(anonymous_2)
FNF:3
FNH:2
FNDA:1,(anonymous_0)
FNDA:3,(anonymous_1)
FNDA:0,(anonymous_2)
DA:5,2
DA:6,1
DA:8,1
DA:9,1
DA:28,2
DA:29,3
DA:30,0
LF:7
LH:6
BRF:0
BRH:0
end_of_record
TN:
SF:src\components\TopRated.js
FN:4,(anonymous_0)
FNF:1
FNH:0
FNDA:0,(anonymous_0)
DA:4,1
DA:5,0
DA:9,0
LF:3
LH:1
BRDA:21,0,0,0
BRDA:21,0,1,0
BRF:2
BRH:0
end_of_record
TN:
SF:src\components\shimmer.js
FN:1,(anonymous_0)
FNF:1
FNH:1
FNDA:1,(anonymous_0)
DA:1,1
DA:2,1
LF:2
LH:2
BRF:0
BRH:0
end_of_record
TN:
SF:src\components\sum.js
FN:1,(anonymous_0)
FNF:1
FNH:1
FNDA:1,(anonymous_0)
DA:1,1
DA:2,1
LF:2
LH:2
BRF:0
BRH:0
end_of_record
TN:
SF:src\components\useOfffOn.js
FN:3,(anonymous_0)
FN:5,(anonymous_1)
FN:6,(anonymous_2)
FN:9,(anonymous_3)
FNF:4
FNH:2
FNDA:6,(anonymous_0)
FNDA:3,(anonymous_1)
FNDA:0,(anonymous_2)
FNDA:0,(anonymous_3)
DA:3,2
DA:4,6
DA:5,6
DA:6,3
DA:7,0
DA:9,3
DA:10,0
DA:13,6
LF:8
LH:6
BRF:0
BRH:0
end_of_record
TN:
SF:utils\addStore.js
FNF:0
FNH:0
DA:3,1
LF:1
LH:1
BRF:0
BRH:0
end_of_record
TN:
SF:utils\cartSlice.js
FN:10,(anonymous_0)
FN:13,(anonymous_1)
FN:14,(anonymous_2)
FN:18,(anonymous_3)
FNF:4
FNH:0
FNDA:0,(anonymous_0)
FNDA:0,(anonymous_1)
FNDA:0,(anonymous_2)
FNDA:0,(anonymous_3)
DA:3,2
DA:11,0
DA:14,0
DA:19,0
DA:24,2
LF:5
LH:2
BRF:0
BRH:0
end_of_record
TN:
SF:utils\constant.js
FNF:0
FNH:0
DA:1,4
DA:3,4
DA:5,4
DA:7,4
DA:9,4
DA:11,4
DA:13,4
LF:7
LH:7
BRF:0
BRH:0
end_of_record
TN:
SF:utils\userContext.js
FNF:0
FNH:0
DA:3,3
LF:1
LH:1
BRF:0
BRH:0
end_of_record
